errors.cpp: In function 'int main()':
errors.cpp:7:14: error: no match for 'operator>>' (operand types are 'std::basic_istream<char>::__istream_type' {aka 'std::basic_istream<char>'} and '<unresolved overloaded function type>')
     cin >> x >> endl;
     ~~~~~~~~~^~~~~~~
In file included from C:/Strawberry/c/lib/gcc/x86_64-w64-mingw32/8.3.0/include/c++/iostream:40,
                 from errors.cpp:1:
C:/Strawberry/c/lib/gcc/x86_64-w64-mingw32/8.3.0/include/c++/istream:120:7: note: candidate: 'std::basic_istream<_CharT, _Traits>::__istream_type& std::basic_istream<_CharT, _Traits>::operator>>(std::basic_istream<_CharT, _Traits>::__istream_type& (*)(std::basic_istream<_CharT, _Traits>::__istream_type&)) [with _CharT = char; _Traits = std::char_traits<char>; std::basic_istream<_CharT, _Traits>::__istream_type = std::basic_istream<char>]'
       operator>>(__istream_type& (*__pf)(__istream_type&))
       ^~~~~~~~
C:/Strawberry/c/lib/gcc/x86_64-w64-mingw32/8.3.0/include/c++/istream:120:7: note:   no known conversion for argument 1 from '<unresolved overloaded function type>' to 'std::basic_istream<char>::__istream_type& (*)(std::basic_istream<char>::__istream_type&)' {aka 'std::basic_istream<char>& (*)(std::basic_istream<char>&)'}
C:/Strawberry/c/lib/gcc/x86_64-w64-mingw32/8.3.0/include/c++/istream:124:7: note: candidate: 'std::basic_istream<_CharT, _Traits>::__istream_type& std::basic_istream<_CharT, _Traits>::operator>>(std::basic_istream<_CharT, _Traits>::__ios_type& (*)(std::basic_istream<_CharT, _Traits>::__ios_type&)) [with _CharT = char; _Traits = std::char_traits<char>; std::basic_istream<_CharT, _Traits>::__istream_type = std::basic_istream<char>; std::basic_istream<_CharT, _Traits>::__ios_type = std::basic_ios<char>]'
       operator>>(__ios_type& (*__pf)(__ios_type&))
       ^~~~~~~~
C:/Strawberry/c/lib/gcc/x86_64-w64-mingw32/8.3.0/include/c++/istream:124:7: note:   no known conversion for argument 1 from '<unresolved overloaded function type>' to 'std::basic_istream<char>::__ios_type& (*)(std::basic_istream<char>::__ios_type&)' {aka 'std::basic_ios<char>& (*)(std::basic_ios<char>&)'}
C:/Strawberry/c/lib/gcc/x86_64-w64-mingw32/8.3.0/include/c++/istream:131:7: note: candidate: 'std::basic_istream<_CharT, _Traits>::__istream_type& std::basic_istream<_CharT, _Traits>::operator>>(std::ios_base& (*)(std::ios_base&)) [with _CharT = char; _Traits = std::char_traits<char>; std::basic_istream<_CharT, _Traits>::__istream_type = std::basic_istream<char>]'
       operator>>(ios_base& (*__pf)(ios_base&))
       ^~~~~~~~
C:/Strawberry/c/lib/gcc/x86_64-w64-mingw32/8.3.0/include/c++/istream:131:7: note:   no known conversion for argument 1 from '<unresolved overloaded function type>' to 'std::ios_base& (*)(std::ios_base&)'
C:/Strawberry/c/lib/gcc/x86_64-w64-mingw32/8.3.0/include/c++/istream:168:7: note: candidate: 'std::basic_istream<_CharT, _Traits>::__istream_type& std::basic_istream<_CharT, _Traits>::operator>>(bool&) [with _CharT = char; _Traits = std::char_traits<char>; std::basic_istream<_CharT, _Traits>::__istream_type = std::basic_istream<char>]'
       operator>>(bool& __n)
       ^~~~~~~~
C:/Strawberry/c/lib/gcc/x86_64-w64-mingw32/8.3.0/include/c++/istream:168:7: note:   no known conversion for argument 1 from '<unresolved overloaded function type>' to 'bool&'
C:/Strawberry/c/lib/gcc/x86_64-w64-mingw32/8.3.0/include/c++/istream:172:7: note: candidate: 'std::basic_istream<_CharT, _Traits>& std::basic_istream<_CharT, _Traits>::operator>>(short int&) [with _CharT = char; _Traits = std::char_traits<char>]'
       operator>>(short& __n);
       ^~~~~~~~
C:/Strawberry/c/lib/gcc/x86_64-w64-mingw32/8.3.0/include/c++/istream:172:7: note:   no known conversion for argument 1 from '<unresolved overloaded function type>' to 'short int&'
C:/Strawberry/c/lib/gcc/x86_64-w64-mingw32/8.3.0/include/c++/istream:175:7: note: candidate: 'std::basic_istream<_CharT, _Traits>::__istream_type& std::basic_istream<_CharT, _Traits>::operator>>(short unsigned int&) [with _CharT = char; _Traits = std::char_traits<char>; std::basic_istream<_CharT, _Traits>::__istream_type = std::basic_istream<char>]'
       operator>>(unsigned short& __n)
       ^~~~~~~~
C:/Strawberry/c/lib/gcc/x86_64-w64-mingw32/8.3.0/include/c++/istream:175:7: note:   no known conversion for argument 1 from '<unresolved overloaded function type>' to 'short unsigned int&'
C:/Strawberry/c/lib/gcc/x86_64-w64-mingw32/8.3.0/include/c++/istream:179:7: note: candidate: 'std::basic_istream<_CharT, _Traits>& std::basic_istream<_CharT, _Traits>::operator>>(int&) [with _CharT = char; _Traits = std::char_traits<char>]'
       operator>>(int& __n);
       ^~~~~~~~
C:/Strawberry/c/lib/gcc/x86_64-w64-mingw32/8.3.0/include/c++/istream:179:7: note:   no known conversion for argument 1 from '<unresolved overloaded function type>' to 'int&'
C:/Strawberry/c/lib/gcc/x86_64-w64-mingw32/8.3.0/include/c++/istream:182:7: note: candidate: 'std::basic_istream<_CharT, _Traits>::__istream_type& std::basic_istream<_CharT, _Traits>::operator>>(unsigned int&) [with _CharT = char; _Traits = std::char_traits<char>; std::basic_istream<_CharT, _Traits>::__istream_type = std::basic_istream<char>]'
       operator>>(unsigned int& __n)
       ^~~~~~~~
C:/Strawberry/c/lib/gcc/x86_64-w64-mingw32/8.3.0/include/c++/istream:182:7: note:   no known conversion for argument 1 from '<unresolved overloaded function type>' to 'unsigned int&'
C:/Strawberry/c/lib/gcc/x86_64-w64-mingw32/8.3.0/include/c++/istream:186:7: note: candidate: 'std::basic_istream<_CharT, _Traits>::__istream_type& std::basic_istream<_CharT, _Traits>::operator>>(long int&) [with _CharT = char; _Traits = std::char_traits<char>; std::basic_istream<_CharT, _Traits>::__istream_type = std::basic_istream<char>]'
       operator>>(long& __n)
       ^~~~~~~~
C:/Strawberry/c/lib/gcc/x86_64-w64-mingw32/8.3.0/include/c++/istream:186:7: note:   no known conversion for argument 1 from '<unresolved overloaded function type>' to 'long int&'
C:/Strawberry/c/lib/gcc/x86_64-w64-mingw32/8.3.0/include/c++/istream:190:7: note: candidate: 'std::basic_istream<_CharT, _Traits>::__istream_type& std::basic_istream<_CharT, _Traits>::operator>>(long unsigned int&) [with _CharT = char; _Traits = std::char_traits<char>; std::basic_istream<_CharT, _Traits>::__istream_type = std::basic_istream<char>]'
       operator>>(unsigned long& __n)
       ^~~~~~~~
C:/Strawberry/c/lib/gcc/x86_64-w64-mingw32/8.3.0/include/c++/istream:190:7: note:   no known conversion for argument 1 from '<unresolved overloaded function type>' to 'long unsigned int&'
C:/Strawberry/c/lib/gcc/x86_64-w64-mingw32/8.3.0/include/c++/istream:195:7: note: candidate: 'std::basic_istream<_CharT, _Traits>::__istream_type& std::basic_istream<_CharT, _Traits>::operator>>(long long int&) [with _CharT = char; _Traits = std::char_traits<char>; std::basic_istream<_CharT, _Traits>::__istream_type = std::basic_istream<char>]'
       operator>>(long long& __n)
       ^~~~~~~~
C:/Strawberry/c/lib/gcc/x86_64-w64-mingw32/8.3.0/include/c++/istream:195:7: note:   no known conversion for argument 1 from '<unresolved overloaded function type>' to 'long long int&'
C:/Strawberry/c/lib/gcc/x86_64-w64-mingw32/8.3.0/include/c++/istream:199:7: note: candidate: 'std::basic_istream<_CharT, _Traits>::__istream_type& std::basic_istream<_CharT, _Traits>::operator>>(long long unsigned int&) [with _CharT = char; _Traits = std::char_traits<char>; std::basic_istream<_CharT, _Traits>::__istream_type = std::basic_istream<char>]'
       operator>>(unsigned long long& __n)
       ^~~~~~~~
C:/Strawberry/c/lib/gcc/x86_64-w64-mingw32/8.3.0/include/c++/istream:199:7: note:   no known conversion for argument 1 from '<unresolved overloaded function type>' to 'long long unsigned int&'
C:/Strawberry/c/lib/gcc/x86_64-w64-mingw32/8.3.0/include/c++/istream:214:7: note: candidate: 'std::basic_istream<_CharT, _Traits>::__istream_type& std::basic_istream<_CharT, _Traits>::operator>>(float&) [with _CharT = char; _Traits = std::char_traits<char>; std::basic_istream<_CharT, _Traits>::__istream_type = std::basic_istream<char>]'
       operator>>(float& __f)
       ^~~~~~~~
C:/Strawberry/c/lib/gcc/x86_64-w64-mingw32/8.3.0/include/c++/istream:214:7: note:   no known conversion for argument 1 from '<unresolved overloaded function type>' to 'float&'
C:/Strawberry/c/lib/gcc/x86_64-w64-mingw32/8.3.0/include/c++/istream:218:7: note: candidate: 'std::basic_istream<_CharT, _Traits>::__istream_type& std::basic_istream<_CharT, _Traits>::operator>>(double&) [with _CharT = char; _Traits = std::char_traits<char>; std::basic_istream<_CharT, _Traits>::__istream_type = std::basic_istream<char>]'
       operator>>(double& __f)
       ^~~~~~~~
C:/Strawberry/c/lib/gcc/x86_64-w64-mingw32/8.3.0/include/c++/istream:218:7: note:   no known conversion for argument 1 from '<unresolved overloaded function type>' to 'double&'
C:/Strawberry/c/lib/gcc/x86_64-w64-mingw32/8.3.0/include/c++/istream:222:7: note: candidate: 'std::basic_istream<_CharT, _Traits>::__istream_type& std::basic_istream<_CharT, _Traits>::operator>>(long double&) [with _CharT = char; _Traits = std::char_traits<char>; std::basic_istream<_CharT, _Traits>::__istream_type = std::basic_istream<char>]'
       operator>>(long double& __f)
       ^~~~~~~~
C:/Strawberry/c/lib/gcc/x86_64-w64-mingw32/8.3.0/include/c++/istream:222:7: note:   no known conversion for argument 1 from '<unresolved overloaded function type>' to 'long double&'
C:/Strawberry/c/lib/gcc/x86_64-w64-mingw32/8.3.0/include/c++/istream:235:7: note: candidate: 'std::basic_istream<_CharT, _Traits>::__istream_type& std::basic_istream<_CharT, _Traits>::operator>>(void*&) [with _CharT = char; _Traits = std::char_traits<char>; std::basic_istream<_CharT, _Traits>::__istream_type = std::basic_istream<char>]'
       operator>>(void*& __p)
       ^~~~~~~~
C:/Strawberry/c/lib/gcc/x86_64-w64-mingw32/8.3.0/include/c++/istream:235:7: note:   no known conversion for argument 1 from '<unresolved overloaded function type>' to 'void*&'
C:/Strawberry/c/lib/gcc/x86_64-w64-mingw32/8.3.0/include/c++/istream:259:7: note: candidate: 'std::basic_istream<_CharT, _Traits>& std::basic_istream<_CharT, _Traits>::operator>>(std::basic_istream<_CharT, _Traits>::__streambuf_type*) [with _CharT = char; _Traits = std::char_traits<char>; std::basic_istream<_CharT, _Traits>::__streambuf_type = std::basic_streambuf<char>]'
       operator>>(__streambuf_type* __sb);
       ^~~~~~~~
C:/Strawberry/c/lib/gcc/x86_64-w64-mingw32/8.3.0/include/c++/istream:259:7: note:   no known conversion for argument 1 from '<unresolved overloaded function type>' to 'std::basic_istream<char>::__streambuf_type*' {aka 'std::basic_streambuf<char>*'}
In file included from C:/Strawberry/c/lib/gcc/x86_64-w64-mingw32/8.3.0/include/c++/string:53,
                 from C:/Strawberry/c/lib/gcc/x86_64-w64-mingw32/8.3.0/include/c++/bits/locale_classes.h:40,
                 from C:/Strawberry/c/lib/gcc/x86_64-w64-mingw32/8.3.0/include/c++/bits/ios_base.h:41,
                 from C:/Strawberry/c/lib/gcc/x86_64-w64-mingw32/8.3.0/include/c++/ios:42,
                 from C:/Strawberry/c/lib/gcc/x86_64-w64-mingw32/8.3.0/include/c++/ostream:38,
                 from C:/Strawberry/c/lib/gcc/x86_64-w64-mingw32/8.3.0/include/c++/iostream:39,
                 from errors.cpp:1:
C:/Strawberry/c/lib/gcc/x86_64-w64-mingw32/8.3.0/include/c++/bits/basic_string.tcc:1465:5: note: candidate: 'template<class _CharT, class _Traits, class _Alloc> std::basic_istream<_CharT, _Traits>& std::operator>>(std::basic_istream<_CharT, _Traits>&, std::__cxx11::basic_string<_CharT, _Traits, _Alloc>&)'
     operator>>(basic_istream<_CharT, _Traits>& __in,
     ^~~~~~~~
C:/Strawberry/c/lib/gcc/x86_64-w64-mingw32/8.3.0/include/c++/bits/basic_string.tcc:1465:5: note:   template argument deduction/substitution failed:
errors.cpp:7:17: note:   couldn't deduce template parameter '_Alloc'
     cin >> x >> endl;
                 ^~~~
In file included from C:/Strawberry/c/lib/gcc/x86_64-w64-mingw32/8.3.0/include/c++/istream:991,
                 from C:/Strawberry/c/lib/gcc/x86_64-w64-mingw32/8.3.0/include/c++/iostream:40,
                 from errors.cpp:1:
C:/Strawberry/c/lib/gcc/x86_64-w64-mingw32/8.3.0/include/c++/bits/istream.tcc:931:5: note: candidate: 'std::basic_istream<_CharT, _Traits>& std::operator>>(std::basic_istream<_CharT, _Traits>&, _CharT&) [with _CharT = char; _Traits = std::char_traits<char>]'
     operator>>(basic_istream<_CharT, _Traits>& __in, _CharT& __c)
     ^~~~~~~~
C:/Strawberry/c/lib/gcc/x86_64-w64-mingw32/8.3.0/include/c++/bits/istream.tcc:931:5: note:   no known conversion for argument 2 from '<unresolved overloaded function type>' to 'char&'
In file included from C:/Strawberry/c/lib/gcc/x86_64-w64-mingw32/8.3.0/include/c++/iostream:40,
                 from errors.cpp:1:
C:/Strawberry/c/lib/gcc/x86_64-w64-mingw32/8.3.0/include/c++/istream:756:5: note: candidate: 'template<class _Traits> std::basic_istream<char, _Traits>& std::operator>>(std::basic_istream<char, _Traits>&, unsigned char&)'
     operator>>(basic_istream<char, _Traits>& __in, unsigned char& __c)
     ^~~~~~~~
C:/Strawberry/c/lib/gcc/x86_64-w64-mingw32/8.3.0/include/c++/istream:756:5: note:   template argument deduction/substitution failed:
errors.cpp:7:17: note:   cannot convert 'std::endl' (type '<unresolved overloaded function type>') to type 'unsigned char&'
     cin >> x >> endl;
                 ^~~~
In file included from C:/Strawberry/c/lib/gcc/x86_64-w64-mingw32/8.3.0/include/c++/iostream:40,
                 from errors.cpp:1:
C:/Strawberry/c/lib/gcc/x86_64-w64-mingw32/8.3.0/include/c++/istream:761:5: note: candidate: 'template<class _Traits> std::basic_istream<char, _Traits>& std::operator>>(std::basic_istream<char, _Traits>&, signed char&)'
     operator>>(basic_istream<char, _Traits>& __in, signed char& __c)
     ^~~~~~~~
C:/Strawberry/c/lib/gcc/x86_64-w64-mingw32/8.3.0/include/c++/istream:761:5: note:   template argument deduction/substitution failed:
errors.cpp:7:17: note:   cannot convert 'std::endl' (type '<unresolved overloaded function type>') to type 'signed char&'
     cin >> x >> endl;
                 ^~~~
In file included from C:/Strawberry/c/lib/gcc/x86_64-w64-mingw32/8.3.0/include/c++/iostream:40,
                 from errors.cpp:1:
C:/Strawberry/c/lib/gcc/x86_64-w64-mingw32/8.3.0/include/c++/istream:799:5: note: candidate: 'std::basic_istream<_CharT2, _Traits2>& std::operator>>(std::basic_istream<_CharT2, _Traits2>&, _CharT2*) [with _CharT2 = char; _Traits2 = std::char_traits<char>; _CharT = char; _Traits = std::char_traits<char>]'
     operator>>(basic_istream<char>& __in, char* __s);
     ^~~~~~~~
C:/Strawberry/c/lib/gcc/x86_64-w64-mingw32/8.3.0/include/c++/istream:799:5: note:   no known conversion for argument 2 from '<unresolved overloaded function type>' to 'char*'
C:/Strawberry/c/lib/gcc/x86_64-w64-mingw32/8.3.0/include/c++/istream:803:5: note: candidate: 'template<class _Traits> std::basic_istream<char, _Traits>& std::operator>>(std::basic_istream<char, _Traits>&, unsigned char*)'
     operator>>(basic_istream<char, _Traits>& __in, unsigned char* __s)
     ^~~~~~~~
C:/Strawberry/c/lib/gcc/x86_64-w64-mingw32/8.3.0/include/c++/istream:803:5: note:   template argument deduction/substitution failed:
errors.cpp:7:17: note:   cannot convert 'std::endl' (type '<unresolved overloaded function type>') to type 'unsigned char*'
     cin >> x >> endl;
                 ^~~~
In file included from C:/Strawberry/c/lib/gcc/x86_64-w64-mingw32/8.3.0/include/c++/iostream:40,
                 from errors.cpp:1:
C:/Strawberry/c/lib/gcc/x86_64-w64-mingw32/8.3.0/include/c++/istream:808:5: note: candidate: 'template<class _Traits> std::basic_istream<char, _Traits>& std::operator>>(std::basic_istream<char, _Traits>&, signed char*)'
     operator>>(basic_istream<char, _Traits>& __in, signed char* __s)
     ^~~~~~~~
C:/Strawberry/c/lib/gcc/x86_64-w64-mingw32/8.3.0/include/c++/istream:808:5: note:   template argument deduction/substitution failed:
errors.cpp:7:17: note:   cannot convert 'std::endl' (type '<unresolved overloaded function type>') to type 'signed char*'
     cin >> x >> endl;
                 ^~~~
In file included from C:/Strawberry/c/lib/gcc/x86_64-w64-mingw32/8.3.0/include/c++/iostream:40,
                 from errors.cpp:1:
C:/Strawberry/c/lib/gcc/x86_64-w64-mingw32/8.3.0/include/c++/istream:980:5: note: candidate: 'template<class _Istream, class _Tp> typename std::enable_if<std::__and_<std::__not_<std::is_lvalue_reference<_Tp> >, std::__is_convertible_to_basic_istream<_Istream>, std::__is_extractable<typename std::__is_convertible_to_basic_istream<_Tp>::__istream_type, _Tp&&, void> >::value, typename std::__is_convertible_to_basic_istream<_Tp>::__istream_type>::type std::operator>>(_Istream&&, _Tp&&)'
     operator>>(_Istream&& __is, _Tp&& __x)
     ^~~~~~~~
C:/Strawberry/c/lib/gcc/x86_64-w64-mingw32/8.3.0/include/c++/istream:980:5: note:   template argument deduction/substitution failed:
errors.cpp:7:17: note:   couldn't deduce template parameter '_Tp'
     cin >> x >> endl;
                 ^~~~
